<?xml version="1.0" encoding="UTF-8" ?>
<testsuite errors="0" failures="0" hostname="varis" name="sovelluslogiikka.SovellusTest" tests="3" time="0.047" timestamp="2013-01-07T11:49:45">
  <properties>
    <property name="default.javac.source" value="1.6" />
    <property name="file.encoding.pkg" value="sun.io" />
    <property name="javac.source" value="1.6" />
    <property name="java.home" value="/usr/lib/jvm/java-6-openjdk-amd64/jre" />
    <property name="do.archive+manifest.available+main.class" value="true" />
    <property name="test.src.dir" value="test" />
    <property name="javadoc.version" value="false" />
    <property name="libs.CopyLibs.classpath" value="/usr/share/netbeans/7.0.1/java/ant/extra/org-netbeans-modules-java-j2seproject-copylibstask.jar" />
    <property name="ant.file.type.Toistoharjoittelu" value="file" />
    <property name="libs.javac-api.src" value="" />
    <property name="java.endorsed.dirs" value="/usr/lib/jvm/java-6-openjdk-amd64/jre/lib/endorsed" />
    <property name="libs.MySQLDriver.classpath" value="/usr/share/netbeans/7.0.1/ide/modules/ext/mysql-connector-java-5.1.13-bin.jar" />
    <property name="libs.junit.maven-pom" value="" />
    <property name="libs.PostgreSQLDriver.src" value="" />
    <property name="src.dir" value="src" />
    <property name="sun.java2d.noddraw" value="true" />
    <property name="debug-args-line" value="-Xdebug" />
    <property name="netbeans.hash.code" value="unique=NBUBU07ea8cca4-1e9f-40a1-90ab-9cf1e3da19e5_9532f39d-6dbd-46ad-909b-1f49ab1cefda" />
    <property name="build.sysclasspath" value="ignore" />
    <property name="have.sources" value="true" />
    <property name="includes" value="**" />
    <property name="javac.fork" value="false" />
    <property name="source.encoding" value="UTF-8" />
    <property name="libs.swing-app-framework.javadoc" value="" />
    <property name="sun.os.patch.level" value="unknown" />
    <property name="java.vendor.url" value="http://java.sun.com/" />
    <property name="java.version" value="1.6.0_24" />
    <property name="nb.show.statistics.ui" value="usageStatisticsEnabled" />
    <property name="javac.debug" value="true" />
    <property name="org.openide.major.version" value="IDE/1" />
    <property name="run.classpath" value=":build/classes" />
    <property name="libs.PostgreSQLDriver.maven-pom" value="" />
    <property name="java.vendor.url.bug" value="http://java.sun.com/cgi-bin/bugreport.cgi" />
    <property name="netbeans.autoupdate.variant" value="" />
    <property name="libs.absolutelayout.javadoc" value="" />
    <property name="libs.junit_4.maven-pom" value="" />
    <property name="netbeans.buildnumber" value="20111205-unknown-revn" />
    <property name="ant.project.invoked-targets" value="test" />
    <property name="jna.platform.library.path" value="/usr/lib/x86_64-linux-gnu:/lib/x86_64-linux-gnu:/lib64:/usr/lib:/lib" />
    <property name="annotation.processing.run.all.processors" value="true" />
    <property name="manifest.file" value="manifest.mf" />
    <property name="libs.swing-app-framework.maven-pom" value="" />
    <property name="user.name" value="silva" />
    <property name="manifest.available+main.class+mkdist.available" value="true" />
    <property name="empty.dir" value="/home/silva/javalabra/Toistoharjoittelu/build/empty" />
    <property name="sun.io.unicode.encoding" value="UnicodeLittle" />
    <property name="sun.jnu.encoding" value="UTF-8" />
    <property name="java.runtime.name" value="OpenJDK Runtime Environment" />
    <property name="sun.java2d.pmoffscreen" value="false" />
    <property name="jdk.home" value="/usr/lib/jvm/java-6-openjdk-amd64" />
    <property name="netbeans.autoupdate.version" value="1.23" />
    <property name="netbeans.dirs" value="/usr/share/netbeans/7.0.1/nb:/usr/share/netbeans/7.0.1/bin/../ergonomics:/usr/share/netbeans/7.0.1/ide:/usr/share/netbeans/7.0.1/java:/usr/share/netbeans/7.0.1/bin/../xml:/usr/share/netbeans/7.0.1/apisupport:/usr/share/netbeans/7.0.1/bin/../webcommon:/usr/share/netbeans/7.0.1/bin/../websvccommon:/usr/share/netbeans/7.0.1/bin/../enterprise:/usr/share/netbeans/7.0.1/bin/../mobility:/usr/share/netbeans/7.0.1/bin/../profiler:/usr/share/netbeans/7.0.1/bin/../ruby:/usr/share/netbeans/7.0.1/bin/../python:/usr/share/netbeans/7.0.1/bin/../php:/usr/share/netbeans/7.0.1/bin/../visualweb:/usr/share/netbeans/7.0.1/bin/../soa:/usr/share/netbeans/7.0.1/bin/../identity:/usr/share/netbeans/7.0.1/bin/../uml:/usr/share/netbeans/7.0.1/harness:/usr/share/netbeans/7.0.1/bin/../cnd:/usr/share/netbeans/7.0.1/bin/../dlight:/usr/share/netbeans/7.0.1/bin/../groovy:/usr/share/netbeans/7.0.1/bin/../extra:/usr/share/netbeans/7.0.1/bin/../javafx:/usr/share/netbeans/7.0.1/bin/../javacard:" />
    <property name="main.class.available" value="true" />
    <property name="java.specification.name" value="Java Platform API Specification" />
    <property name="javadoc.author" value="false" />
    <property name="ap.proc.none.internal" value="" />
    <property name="user.timezone" value="" />
    <property name="manifest.available" value="true" />
    <property name="libs.swing-layout.maven-pom" value="" />
    <property name="libs.junit.javadoc" value="" />
    <property name="org.openide.specification.version" value="6.2" />
    <property name="path.separator" value=":" />
    <property name="version-output" value="java version &quot;1.6" />
    <property name="libs.absolutelayout.classpath" value="/usr/share/netbeans/7.0.1/java/modules/ext/AbsoluteLayout.jar" />
    <property name="netbeans.accept_license_class" value="org.netbeans.license.AcceptLicense" />
    <property name="file.encoding" value="UTF-8" />
    <property name="dist.javadoc.dir" value="dist/javadoc" />
    <property name="ant.project.default-target" value="default" />
    <property name="sun.java.command" value="org.apache.tools.ant.taskdefs.optional.junit.JUnitTestRunner sovelluslogiikka.SovellusTest filtertrace=true haltOnError=false haltOnFailure=false showoutput=true outputtoformatters=true logfailedtests=true logtestlistenerevents=true formatter=org.apache.tools.ant.taskdefs.optional.junit.BriefJUnitResultFormatter formatter=org.apache.tools.ant.taskdefs.optional.junit.XMLJUnitResultFormatter,/home/silva/javalabra/Toistoharjoittelu/build/test/results/TEST-sovelluslogiikka.SovellusTest.xml crashfile=/home/silva/javalabra/Toistoharjoittelu/build/junitvmwatcher4382706083344272642.properties propsfile=/home/silva/javalabra/Toistoharjoittelu/build/junit512800351719565546.properties" />
    <property name="built-jar.properties" value="/home/silva/javalabra/Toistoharjoittelu/build/built-jar.properties" />
    <property name="libs.junit.src" value="" />
    <property name="ant.junit.enabletestlistenerevents" value="true" />
    <property name="ant.file" value="/home/silva/javalabra/Toistoharjoittelu/build.xml" />
    <property name="libs.junit_4.src" value="/home/silva/.netbeans/7.0/docs/junit-4.8.2-src.jar" />
    <property name="netbeans.autoupdate.language" value="en" />
    <property name="java.io.tmpdir" value="/tmp" />
    <property name="build.test.results.dir" value="build/test/results" />
    <property name="user.language" value="en" />
    <property name="line.separator" value="&#xa;" />
    <property name="apple.laf.useScreenMenuBar" value="true" />
    <property name="libs.absolutelayout.src" value="" />
    <property name="javac.compilerargs" value="" />
    <property name="jar.compress" value="false" />
    <property name="debug-transport-by-os" value="dt_socket" />
    <property name="libs.JWSAntTasks.src" value="" />
    <property name="java.vm.info" value="mixed mode" />
    <property name="libs.javac-api.maven-pom" value="" />
    <property name="javadoc.private" value="false" />
    <property name="annotation.processing.processors.list" value="" />
    <property name="sun.desktop" value="gnome" />
    <property name="build.test.classes.dir" value="build/test/classes" />
    <property name="java.vm.specification.name" value="Java Virtual Machine Specification" />
    <property name="libs.MySQLDriver.javadoc" value="" />
    <property name="ant.file.Toistoharjoittelu" value="/home/silva/javalabra/Toistoharjoittelu/build.xml" />
    <property name="netbeans.dynamic.classpath" value="/usr/share/netbeans/7.0.1/platform/core/org-openide-filesystems.jar:/usr/share/netbeans/7.0.1/platform/core/core.jar:/usr/share/netbeans/7.0.1/nb/core/org-netbeans-upgrader.jar:/usr/share/netbeans/7.0.1/nb/core/locale/core_nb.jar" />
    <property name="manifest.available+main.class" value="true" />
    <property name="libs.beans-binding.javadoc" value="" />
    <property name="platform.active" value="default_platform" />
    <property name="ap.cmd.line.internal" value="" />
    <property name="jdkBug6558476" value="false" />
    <property name="libs.junit_4.javadoc" value="/home/silva/.netbeans/7.0/docs/junit-4.8.2-api.zip" />
    <property name="netbeans.autoupdate.country" value="US" />
    <property name="libs.beans-binding.maven-pom" value="" />
    <property name="do.mkdist" value="true" />
    <property name="javadoc.encoding" value="UTF-8" />
    <property name="java.awt.printerjob" value="sun.print.PSPrinterJob" />
    <property name="ap.processors.internal" value="" />
    <property name="do.archive" value="true" />
    <property name="dist.jar" value="dist/Toistoharjoittelu.jar" />
    <property name="meta.inf.dir" value="src/META-INF" />
    <property name="ant.version" value="Apache Ant(TM) version 1.8.2 compiled on December 3 2011" />
    <property name="netbeans.home" value="/usr/share/netbeans/7.0.1/platform" />
    <property name="javadoc.nonavbar" value="false" />
    <property name="user.properties.file" value="/home/silva/.netbeans/7.0/build.properties" />
    <property name="libs.JWSAntTasks.classpath" value="/usr/share/netbeans/7.0.1/java/ant/extra/org-netbeans-modules-javawebstart-anttasks.jar" />
    <property name="netbeans.importclass" value="org.netbeans.upgrade.AutoUpgrade" />
    <property name="annotation.processing.source.output" value="build/generated-sources/ap-source-output" />
    <property name="libs.CopyLibs.maven-pom" value="" />
    <property name="build.generated.dir" value="build/generated" />
    <property name="netbeans.home+have.tests" value="true" />
    <property name="apple.awt.graphics.UseQuartz" value="true" />
    <property name="ant.file.Toistoharjoittelu-impl" value="/home/silva/javalabra/Toistoharjoittelu/nbproject/build-impl.xml" />
    <property name="os.name" value="Linux" />
    <property name="java.specification.vendor" value="Sun Microsystems Inc." />
    <property name="run.test.classpath" value=":build/classes:/usr/share/netbeans/7.0.1/platform/modules/ext/junit-4.8.2.jar:build/test/classes" />
    <property name="do.archive+main.class.available" value="true" />
    <property name="java.vm.name" value="OpenJDK 64-Bit Server VM" />
    <property name="libs.CopyLibs.src" value="" />
    <property name="manifest.available-mkdist.available" value="true" />
    <property name="org.openide.version" value="deprecated" />
    <property name="libs.junit.classpath" value="/home/silva/NetBeansProjects/junit-4.11-src.jar" />
    <property name="libs.beans-binding.src" value="" />
    <property name="ap.supported.internal" value="true" />
    <property name="java.library.path" value="/usr/lib/jvm/java-6-openjdk-amd64/jre/lib/amd64/server:/usr/lib/jvm/java-6-openjdk-amd64/jre/lib/amd64:/usr/lib/jvm/java-6-openjdk-amd64/jre/../lib/amd64:/usr/java/packages/lib/amd64:/usr/lib/x86_64-linux-gnu/jni:/lib/x86_64-linux-gnu:/usr/lib/x86_64-linux-gnu:/usr/lib/jni:/lib:/usr/lib" />
    <property name="libs.PostgreSQLDriver.javadoc" value="" />
    <property name="ant.java.version" value="1.6" />
    <property name="basedir" value="/home/silva/javalabra/Toistoharjoittelu" />
    <property name="javadoc.noindex" value="false" />
    <property name="java.class.version" value="50.0" />
    <property name="sun.awt.exception.handler" value="org.netbeans.core.startup.TopLogging$AWTHandler" />
    <property name="javac.test.classpath" value=":build/classes:/usr/share/netbeans/7.0.1/platform/modules/ext/junit-4.8.2.jar" />
    <property name="javac.processorpath" value="" />
    <property name="ant.home" value="/usr/share/netbeans/7.0.1/java/ant" />
    <property name="javadoc.splitindex" value="true" />
    <property name="javac.test.processorpath" value=":build/classes:/usr/share/netbeans/7.0.1/platform/modules/ext/junit-4.8.2.jar" />
    <property name="libs.javac-api.javadoc" value="" />
    <property name="javadoc.preview" value="true" />
    <property name="libs.MySQLDriver.maven-pom" value="" />
    <property name="libs.CopyLibs.javadoc" value="" />
    <property name="libs.PostgreSQLDriver.classpath" value="/usr/share/netbeans/7.0.1/ide/modules/ext/postgresql-8.3-603.jdbc3.jar" />
    <property name="junit.forkmode" value="perTest" />
    <property name="libs.junit_4.classpath" value="/usr/share/netbeans/7.0.1/platform/modules/ext/junit-4.8.2.jar" />
    <property name="sun.boot.library.path" value="/usr/lib/jvm/java-6-openjdk-amd64/jre/lib/amd64" />
    <property name="build.dir" value="build" />
    <property name="libs.swing-app-framework.classpath" value="/usr/share/netbeans/7.0.1/java/modules/ext/appframework-1.0.3.jar:/usr/share/netbeans/7.0.1/java/modules/ext/swing-worker-1.1.jar" />
    <property name="sun.management.compiler" value="HotSpot 64-Bit Tiered Compilers" />
    <property name="java.awt.graphicsenv" value="sun.awt.X11GraphicsEnvironment" />
    <property name="javadoc.encoding.used" value="UTF-8" />
    <property name="javadoc.windowtitle" value="" />
    <property name="annotation.processing.enabled" value="true" />
    <property name="run.jvmargs" value="" />
    <property name="build.generated.sources.dir" value="build/generated-sources" />
    <property name="build.compiler.emacs" value="true" />
    <property name="ant.project.name" value="Toistoharjoittelu" />
    <property name="libs.swing-layout.classpath" value="/usr/share/netbeans/7.0.1/platform/modules/ext/swing-layout-1.0.4.jar" />
    <property name="java.vm.specification.version" value="1.0" />
    <property name="work.dir" value="/home/silva/javalabra/Toistoharjoittelu" />
    <property name="manifest.available+main.class-mkdist.available" value="true" />
    <property name="javadoc.use" value="true" />
    <property name="sun.cpu.isalist" value="" />
    <property name="java.ext.dirs" value="/usr/lib/jvm/java-6-openjdk-amd64/jre/lib/ext:/usr/java/packages/lib/ext" />
    <property name="os.version" value="3.2.0-35-generic" />
    <property name="excludes" value="" />
    <property name="user.home" value="/home/silva" />
    <property name="org.xml.sax.driver" value="com.sun.org.apache.xerces.internal.jaxp.SAXParserImpl$JAXPSAXParser" />
    <property name="java.vm.vendor" value="Sun Microsystems Inc." />
    <property name="libs.absolutelayout.maven-pom" value="" />
    <property name="user.dir" value="/home/silva/javalabra/Toistoharjoittelu" />
    <property name="debug-transport" value="dt_socket" />
    <property name="application.args" value="" />
    <property name="sun.cpu.endian" value="little" />
    <property name="compile.on.save" value="true" />
    <property name="ignore.failing.tests" value="true" />
    <property name="endorsed.classpath.cmd.line.arg" value="-Xbootclasspath/p:&apos;/home/silva/javalabra/Toistoharjoittelu/${endorsed.classpath}&apos;" />
    <property name="jar.index" value="false" />
    <property name="java.vm.version" value="20.0-b12" />
    <property name="libs.MySQLDriver.src" value="" />
    <property name="java.class.path" value="/home/silva/javalabra/Toistoharjoittelu/build/classes:/usr/share/netbeans/7.0.1/platform/modules/ext/junit-4.8.2.jar:/home/silva/javalabra/Toistoharjoittelu/build/test/classes:/usr/share/netbeans/7.0.1/java/ant/lib/junit.jar:/usr/share/netbeans/7.0.1/java/ant/lib/ant-launcher.jar:/usr/share/netbeans/7.0.1/java/ant/lib/ant.jar:/usr/share/netbeans/7.0.1/java/ant/lib/ant-junit.jar:/usr/share/netbeans/7.0.1/java/ant/lib/ant-junit4.jar" />
    <property name="annotation.processing.processor.options" value="" />
    <property name="os.arch" value="amd64" />
    <property name="javac.deprecation" value="false" />
    <property name="build.classes.excludes" value="**/*.java,**/*.form" />
    <property name="dist.dir" value="dist" />
    <property name="netbeans.user" value="/home/silva/.netbeans/7.0" />
    <property name="debug.classpath" value=":build/classes" />
    <property name="sun.java.launcher" value="SUN_STANDARD" />
    <property name="jar.index.metainf" value="false" />
    <property name="annotation.processing.enabled.in.editor" value="false" />
    <property name="ant.core.lib" value="/usr/share/netbeans/7.0.1/java/ant/lib/ant.jar" />
    <property name="java.vm.specification.vendor" value="Sun Microsystems Inc." />
    <property name="do.depend" value="false" />
    <property name="file.separator" value="/" />
    <property name="java.runtime.version" value="1.6.0_24-b24" />
    <property name="sun.boot.class.path" value="/home/silva/javalabra/Toistoharjoittelu/${endorsed.classpath}:/usr/lib/jvm/java-6-openjdk-amd64/jre/lib/resources.jar:/usr/lib/jvm/java-6-openjdk-amd64/jre/lib/rt.jar:/usr/lib/jvm/java-6-openjdk-amd64/jre/lib/sunrsasign.jar:/usr/lib/jvm/java-6-openjdk-amd64/jre/lib/jsse.jar:/usr/lib/jvm/java-6-openjdk-amd64/jre/lib/jce.jar:/usr/lib/jvm/java-6-openjdk-amd64/jre/lib/charsets.jar:/usr/lib/jvm/java-6-openjdk-amd64/jre/lib/netx.jar:/usr/lib/jvm/java-6-openjdk-amd64/jre/lib/plugin.jar:/usr/lib/jvm/java-6-openjdk-amd64/jre/lib/rhino.jar:/usr/lib/jvm/java-6-openjdk-amd64/jre/lib/modules/jdk.boot.jar:/usr/lib/jvm/java-6-openjdk-amd64/jre/classes" />
    <property name="debug.test.classpath" value=":build/classes:/usr/share/netbeans/7.0.1/platform/modules/ext/junit-4.8.2.jar:build/test/classes" />
    <property name="libs.beans-binding.classpath" value="/usr/share/netbeans/7.0.1/java/modules/ext/beansbinding-1.2.1.jar" />
    <property name="have.tests" value="true" />
    <property name="main.class" value="toistoharjoittelu.Toistoharjoittelu" />
    <property name="libs.JWSAntTasks.maven-pom" value="" />
    <property name="java.util.logging.config.class" value="org.netbeans.core.startup.TopLogging" />
    <property name="libs.javac-api.classpath" value="/usr/share/netbeans/7.0.1/java/modules/ext/javac-api-nb-7.0-b07.jar" />
    <property name="user.country" value="US" />
    <property name="javadoc.notree" value="false" />
    <property name="javadoc.additionalparam" value="" />
    <property name="javac.classpath" value="" />
    <property name="default.javac.target" value="1.6" />
    <property name="build.classes.dir" value="build/classes" />
    <property name="ant.file.type.Toistoharjoittelu-impl" value="file" />
    <property name="do.archive+manifest.available" value="true" />
    <property name="libs.swing-layout.src" value="" />
    <property name="libs.swing-layout.javadoc" value="" />
    <property name="java.vendor" value="Sun Microsystems Inc." />
    <property name="javac.target" value="1.6" />
    <property name="runtime.encoding" value="UTF-8" />
    <property name="libs.swing-app-framework.src" value="" />
    <property name="java.specification.version" value="1.6" />
    <property name="libs.JWSAntTasks.javadoc" value="" />
    <property name="sun.arch.data.model" value="64" />
    <property name="mkdist.disabled" value="false" />
  </properties>
  <testcase classname="sovelluslogiikka.SovellusTest" name="tarkastusOikeinKunPitaakinOlla" time="0.008" />
  <testcase classname="sovelluslogiikka.SovellusTest" name="tarkastusVaarinKunPitaakinOlla" time="0.001" />
  <testcase classname="sovelluslogiikka.SovellusTest" name="haeSanapariPalauttaaEnsimmaisenSanaparinEnsimmaisellaKerralla" time="0.001" />
  <system-out><![CDATA[]]></system-out>
  <system-err><![CDATA[]]></system-err>
</testsuite>
